<?xml version="1.0" encoding="UTF-8"?>
<testsuite name="org.yoritest.player.PlayerControllerTest" tests="1" skipped="0" failures="0" errors="0" timestamp="2025-01-27T11:32:00" hostname="Yoriokanonotobukkukonpyuta.local" time="0.066">
  <properties/>
  <testcase name="calls_player_service_to_save_new_player()" classname="org.yoritest.player.PlayerControllerTest" time="0.066"/>
  <system-out><![CDATA[
  .   ____          _            __ _ _
 /\\ / ___'_ __ _ _(_)_ __  __ _ \ \ \ \
( ( )\___ | '_ | '_| | '_ \/ _` | \ \ \ \
 \\/  ___)| |_)| | | | | || (_| |  ) ) ) )
  '  |____| .__|_| |_|_| |_\__, | / / / /
 =========|_|==============|___/=/_/_/_/

 :: Spring Boot ::                (v3.3.4)

2025-01-27T20:31:59.594+09:00  INFO 15636 --- [sampleapp] [    Test worker] o.yoritest.player.PlayerControllerTest   : Starting PlayerControllerTest using Java 21.0.5 with PID 15636 (started by hyorioka in /Users/hyorioka/Development/YoriTestProject/backend)
2025-01-27T20:31:59.595+09:00  INFO 15636 --- [sampleapp] [    Test worker] o.yoritest.player.PlayerControllerTest   : The following 1 profile is active: "test"
2025-01-27T20:32:00.339+09:00  INFO 15636 --- [sampleapp] [    Test worker] o.s.b.t.m.w.SpringBootMockServletContext : Initializing Spring TestDispatcherServlet ''
2025-01-27T20:32:00.339+09:00  INFO 15636 --- [sampleapp] [    Test worker] o.s.t.web.servlet.TestDispatcherServlet  : Initializing Servlet ''
2025-01-27T20:32:00.340+09:00  INFO 15636 --- [sampleapp] [    Test worker] o.s.t.web.servlet.TestDispatcherServlet  : Completed initialization in 1 ms
2025-01-27T20:32:00.356+09:00  INFO 15636 --- [sampleapp] [    Test worker] o.yoritest.player.PlayerControllerTest   : Started PlayerControllerTest in 0.876 seconds (process running for 1.337)
]]></system-out>
  <system-err><![CDATA[WARNING: A Java agent has been loaded dynamically (/Users/hyorioka/.gradle/caches/modules-2/files-2.1/net.bytebuddy/byte-buddy-agent/1.14.19/154da3a65b4f4a909d3e5bdec55d1b2b4cbb6ce1/byte-buddy-agent-1.14.19.jar)
WARNING: If a serviceability tool is in use, please run with -XX:+EnableDynamicAgentLoading to hide this warning
WARNING: If a serviceability tool is not in use, please run with -Djdk.instrument.traceUsage for more information
WARNING: Dynamic loading of agents will be disallowed by default in a future release
]]></system-err>
</testsuite>
