<?xml version="1.0" encoding="UTF-8"?>
<testsuite name="org.yoritest.player.PlayerServiceTest" tests="4" skipped="0" failures="0" errors="0" timestamp="2024-10-16T16:13:53" hostname="Yoriokakonpyuta" time="0.515">
  <properties/>
  <testcase name="create_player()" classname="org.yoritest.player.PlayerServiceTest" time="0.509"/>
  <testcase name="update_player()" classname="org.yoritest.player.PlayerServiceTest" time="0.002"/>
  <testcase name="get_players()" classname="org.yoritest.player.PlayerServiceTest" time="0.001"/>
  <testcase name="delete_player()" classname="org.yoritest.player.PlayerServiceTest" time="0.001"/>
  <system-out><![CDATA[]]></system-out>
  <system-err><![CDATA[WARNING: A Java agent has been loaded dynamically (/Users/hyorioka/.gradle/caches/modules-2/files-2.1/net.bytebuddy/byte-buddy-agent/1.14.19/154da3a65b4f4a909d3e5bdec55d1b2b4cbb6ce1/byte-buddy-agent-1.14.19.jar)
WARNING: If a serviceability tool is in use, please run with -XX:+EnableDynamicAgentLoading to hide this warning
WARNING: If a serviceability tool is not in use, please run with -Djdk.instrument.traceUsage for more information
WARNING: Dynamic loading of agents will be disallowed by default in a future release
]]></system-err>
</testsuite>
